Analysis & Synthesis report for tku_ar
Sat May  1 22:55:04 2021
Quartus Prime Version 18.1.0 Build 625 09/12/2018 SJ Lite Edition


---------------------
; Table of Contents ;
---------------------
  1. Legal Notice
  2. Analysis & Synthesis Summary
  3. Analysis & Synthesis Settings
  4. Parallel Compilation
  5. Analysis & Synthesis Source Files Read
  6. Analysis & Synthesis Resource Usage Summary
  7. Analysis & Synthesis Resource Utilization by Entity
  8. Registers Removed During Synthesis
  9. Removed Registers Triggering Further Register Optimizations
 10. General Register Statistics
 11. Multiplexer Restructuring Statistics (Restructuring Performed)
 12. Parameter Settings for User Entity Instance: AR_TXD:txd
 13. Parameter Settings for User Entity Instance: AR_RXD:rxd
 14. Port Connectivity Checks: "AR_MUX:mux"
 15. Port Connectivity Checks: "AR_RXD:rxd"
 16. Port Connectivity Checks: "AR_TXD:txd"
 17. Post-Synthesis Netlist Statistics for Top Partition
 18. Elapsed Time Per Partition
 19. Analysis & Synthesis Messages



----------------
; Legal Notice ;
----------------
Copyright (C) 2018  Intel Corporation. All rights reserved.
Your use of Intel Corporation's design tools, logic functions 
and other software and tools, and its AMPP partner logic 
functions, and any output files from any of the foregoing 
(including device programming or simulation files), and any 
associated documentation or information are expressly subject 
to the terms and conditions of the Intel Program License 
Subscription Agreement, the Intel Quartus Prime License Agreement,
the Intel FPGA IP License Agreement, or other applicable license
agreement, including, without limitation, that your use is for
the sole purpose of programming logic devices manufactured by
Intel and sold by Intel or its authorized distributors.  Please
refer to the applicable agreement for further details.



+----------------------------------------------------------------------------------+
; Analysis & Synthesis Summary                                                     ;
+------------------------------------+---------------------------------------------+
; Analysis & Synthesis Status        ; Successful - Sat May  1 22:55:04 2021       ;
; Quartus Prime Version              ; 18.1.0 Build 625 09/12/2018 SJ Lite Edition ;
; Revision Name                      ; tku_ar                                      ;
; Top-level Entity Name              ; top                                         ;
; Family                             ; Cyclone IV E                                ;
; Total logic elements               ; 226                                         ;
;     Total combinational functions  ; 196                                         ;
;     Dedicated logic registers      ; 148                                         ;
; Total registers                    ; 148                                         ;
; Total pins                         ; 17                                          ;
; Total virtual pins                 ; 0                                           ;
; Total memory bits                  ; 0                                           ;
; Embedded Multiplier 9-bit elements ; 0                                           ;
; Total PLLs                         ; 0                                           ;
+------------------------------------+---------------------------------------------+


+------------------------------------------------------------------------------------------------------------+
; Analysis & Synthesis Settings                                                                              ;
+------------------------------------------------------------------+--------------------+--------------------+
; Option                                                           ; Setting            ; Default Value      ;
+------------------------------------------------------------------+--------------------+--------------------+
; Device                                                           ; EP4CE6E22C8        ;                    ;
; Top-level entity name                                            ; top                ; tku_ar             ;
; Family name                                                      ; Cyclone IV E       ; Cyclone V          ;
; Maximum processors allowed for parallel compilation              ; 4                  ;                    ;
; Use smart compilation                                            ; Off                ; Off                ;
; Enable parallel Assembler and Timing Analyzer during compilation ; On                 ; On                 ;
; Enable compact report table                                      ; Off                ; Off                ;
; Restructure Multiplexers                                         ; Auto               ; Auto               ;
; Create Debugging Nodes for IP Cores                              ; Off                ; Off                ;
; Preserve fewer node names                                        ; On                 ; On                 ;
; Intel FPGA IP Evaluation Mode                                    ; Enable             ; Enable             ;
; Verilog Version                                                  ; Verilog_2001       ; Verilog_2001       ;
; VHDL Version                                                     ; VHDL_1993          ; VHDL_1993          ;
; State Machine Processing                                         ; Auto               ; Auto               ;
; Safe State Machine                                               ; Off                ; Off                ;
; Extract Verilog State Machines                                   ; On                 ; On                 ;
; Extract VHDL State Machines                                      ; On                 ; On                 ;
; Ignore Verilog initial constructs                                ; Off                ; Off                ;
; Iteration limit for constant Verilog loops                       ; 5000               ; 5000               ;
; Iteration limit for non-constant Verilog loops                   ; 250                ; 250                ;
; Add Pass-Through Logic to Inferred RAMs                          ; On                 ; On                 ;
; Infer RAMs from Raw Logic                                        ; On                 ; On                 ;
; Parallel Synthesis                                               ; On                 ; On                 ;
; DSP Block Balancing                                              ; Auto               ; Auto               ;
; NOT Gate Push-Back                                               ; On                 ; On                 ;
; Power-Up Don't Care                                              ; On                 ; On                 ;
; Remove Redundant Logic Cells                                     ; Off                ; Off                ;
; Remove Duplicate Registers                                       ; On                 ; On                 ;
; Ignore CARRY Buffers                                             ; Off                ; Off                ;
; Ignore CASCADE Buffers                                           ; Off                ; Off                ;
; Ignore GLOBAL Buffers                                            ; Off                ; Off                ;
; Ignore ROW GLOBAL Buffers                                        ; Off                ; Off                ;
; Ignore LCELL Buffers                                             ; Off                ; Off                ;
; Ignore SOFT Buffers                                              ; On                 ; On                 ;
; Limit AHDL Integers to 32 Bits                                   ; Off                ; Off                ;
; Optimization Technique                                           ; Balanced           ; Balanced           ;
; Carry Chain Length                                               ; 70                 ; 70                 ;
; Auto Carry Chains                                                ; On                 ; On                 ;
; Auto Open-Drain Pins                                             ; On                 ; On                 ;
; Perform WYSIWYG Primitive Resynthesis                            ; Off                ; Off                ;
; Auto ROM Replacement                                             ; On                 ; On                 ;
; Auto RAM Replacement                                             ; On                 ; On                 ;
; Auto DSP Block Replacement                                       ; On                 ; On                 ;
; Auto Shift Register Replacement                                  ; Auto               ; Auto               ;
; Allow Shift Register Merging across Hierarchies                  ; Auto               ; Auto               ;
; Auto Clock Enable Replacement                                    ; On                 ; On                 ;
; Strict RAM Replacement                                           ; Off                ; Off                ;
; Allow Synchronous Control Signals                                ; On                 ; On                 ;
; Force Use of Synchronous Clear Signals                           ; Off                ; Off                ;
; Auto RAM Block Balancing                                         ; On                 ; On                 ;
; Auto RAM to Logic Cell Conversion                                ; Off                ; Off                ;
; Auto Resource Sharing                                            ; Off                ; Off                ;
; Allow Any RAM Size For Recognition                               ; Off                ; Off                ;
; Allow Any ROM Size For Recognition                               ; Off                ; Off                ;
; Allow Any Shift Register Size For Recognition                    ; Off                ; Off                ;
; Use LogicLock Constraints during Resource Balancing              ; On                 ; On                 ;
; Ignore translate_off and synthesis_off directives                ; Off                ; Off                ;
; Timing-Driven Synthesis                                          ; On                 ; On                 ;
; Report Parameter Settings                                        ; On                 ; On                 ;
; Report Source Assignments                                        ; On                 ; On                 ;
; Report Connectivity Checks                                       ; On                 ; On                 ;
; Ignore Maximum Fan-Out Assignments                               ; Off                ; Off                ;
; Synchronization Register Chain Length                            ; 2                  ; 2                  ;
; Power Optimization During Synthesis                              ; Normal compilation ; Normal compilation ;
; HDL message level                                                ; Level2             ; Level2             ;
; Suppress Register Optimization Related Messages                  ; Off                ; Off                ;
; Number of Removed Registers Reported in Synthesis Report         ; 5000               ; 5000               ;
; Number of Swept Nodes Reported in Synthesis Report               ; 5000               ; 5000               ;
; Number of Inverted Registers Reported in Synthesis Report        ; 100                ; 100                ;
; Clock MUX Protection                                             ; On                 ; On                 ;
; Auto Gated Clock Conversion                                      ; Off                ; Off                ;
; Block Design Naming                                              ; Auto               ; Auto               ;
; SDC constraint protection                                        ; Off                ; Off                ;
; Synthesis Effort                                                 ; Auto               ; Auto               ;
; Shift Register Replacement - Allow Asynchronous Clear Signal     ; On                 ; On                 ;
; Pre-Mapping Resynthesis Optimization                             ; Off                ; Off                ;
; Analysis & Synthesis Message Level                               ; Medium             ; Medium             ;
; Disable Register Merging Across Hierarchies                      ; Auto               ; Auto               ;
; Resource Aware Inference For Block RAM                           ; On                 ; On                 ;
+------------------------------------------------------------------+--------------------+--------------------+


+------------------------------------------+
; Parallel Compilation                     ;
+----------------------------+-------------+
; Processors                 ; Number      ;
+----------------------------+-------------+
; Number detected on machine ; 8           ;
; Maximum allowed            ; 4           ;
;                            ;             ;
; Average used               ; 1.00        ;
; Maximum used               ; 4           ;
;                            ;             ;
; Usage by Processor         ; % Time Used ;
;     Processor 1            ; 100.0%      ;
;     Processor 2            ;   0.0%      ;
;     Processors 3-4         ;   0.0%      ;
+----------------------------+-------------+


+---------------------------------------------------------------------------------------------------------------------------------------------------------------+
; Analysis & Synthesis Source Files Read                                                                                                                        ;
+----------------------------------+-----------------+------------------------+-----------------------------------------------------------------------+---------+
; File Name with User-Entered Path ; Used in Netlist ; File Type              ; File Name with Absolute Path                                          ; Library ;
+----------------------------------+-----------------+------------------------+-----------------------------------------------------------------------+---------+
; ../src/top.v                     ; yes             ; User Verilog HDL File  ; /home/vlad/Work/tku/FPGA-Verilog-MIPT-Course/tku_ar/src/top.v         ;         ;
; ../src/ar_txd.v                  ; yes             ; User Verilog HDL File  ; /home/vlad/Work/tku/FPGA-Verilog-MIPT-Course/tku_ar/src/ar_txd.v      ;         ;
; ../src/ar_rxd.v                  ; yes             ; User Verilog HDL File  ; /home/vlad/Work/tku/FPGA-Verilog-MIPT-Course/tku_ar/src/ar_rxd.v      ;         ;
; ../src/hex_to_seg.v              ; yes             ; User Verilog HDL File  ; /home/vlad/Work/tku/FPGA-Verilog-MIPT-Course/tku_ar/src/hex_to_seg.v  ;         ;
; ../src/hex_display.v             ; yes             ; User Verilog HDL File  ; /home/vlad/Work/tku/FPGA-Verilog-MIPT-Course/tku_ar/src/hex_display.v ;         ;
+----------------------------------+-----------------+------------------------+-----------------------------------------------------------------------+---------+


+---------------------------------------------------------+
; Analysis & Synthesis Resource Usage Summary             ;
+---------------------------------------------+-----------+
; Resource                                    ; Usage     ;
+---------------------------------------------+-----------+
; Estimated Total logic elements              ; 226       ;
;                                             ;           ;
; Total combinational functions               ; 196       ;
; Logic element usage by number of LUT inputs ;           ;
;     -- 4 input functions                    ; 49        ;
;     -- 3 input functions                    ; 52        ;
;     -- <=2 input functions                  ; 95        ;
;                                             ;           ;
; Logic elements by mode                      ;           ;
;     -- normal mode                          ; 154       ;
;     -- arithmetic mode                      ; 42        ;
;                                             ;           ;
; Total registers                             ; 148       ;
;     -- Dedicated logic registers            ; 148       ;
;     -- I/O registers                        ; 0         ;
;                                             ;           ;
; I/O pins                                    ; 17        ;
;                                             ;           ;
; Embedded Multiplier 9-bit elements          ; 0         ;
;                                             ;           ;
; Maximum fan-out node                        ; CLK~input ;
; Maximum fan-out                             ; 108       ;
; Total fan-out                               ; 971       ;
; Average fan-out                             ; 2.57      ;
+---------------------------------------------+-----------+


+--------------------------------------------------------------------------------------------------------------------------------------------------------------------------------------------------------------------------------------------+
; Analysis & Synthesis Resource Utilization by Entity                                                                                                                                                                                        ;
+-------------------------------+---------------------+---------------------------+-------------+--------------+---------+-----------+------+--------------+----------------------------------------------------+-------------+--------------+
; Compilation Hierarchy Node    ; Combinational ALUTs ; Dedicated Logic Registers ; Memory Bits ; DSP Elements ; DSP 9x9 ; DSP 18x18 ; Pins ; Virtual Pins ; Full Hierarchy Name                                ; Entity Name ; Library Name ;
+-------------------------------+---------------------+---------------------------+-------------+--------------+---------+-----------+------+--------------+----------------------------------------------------+-------------+--------------+
; |top                          ; 196 (33)            ; 148 (31)                  ; 0           ; 0            ; 0       ; 0         ; 17   ; 0            ; |top                                               ; top         ; work         ;
;    |AR_MUX:mux|               ; 4 (4)               ; 0 (0)                     ; 0           ; 0            ; 0       ; 0         ; 0    ; 0            ; |top|AR_MUX:mux                                    ; AR_MUX      ; work         ;
;    |AR_RXD:rxd|               ; 31 (31)             ; 52 (52)                   ; 0           ; 0            ; 0       ; 0         ; 0    ; 0            ; |top|AR_RXD:rxd                                    ; AR_RXD      ; work         ;
;    |AR_TXD:txd|               ; 67 (67)             ; 50 (50)                   ; 0           ; 0            ; 0       ; 0         ; 0    ; 0            ; |top|AR_TXD:txd                                    ; AR_TXD      ; work         ;
;    |hex_display:hex_display|  ; 61 (54)             ; 15 (15)                   ; 0           ; 0            ; 0       ; 0         ; 0    ; 0            ; |top|hex_display:hex_display                       ; hex_display ; work         ;
;       |hex_to_seg:hex_to_seg| ; 7 (7)               ; 0 (0)                     ; 0           ; 0            ; 0       ; 0         ; 0    ; 0            ; |top|hex_display:hex_display|hex_to_seg:hex_to_seg ; hex_to_seg  ; work         ;
+-------------------------------+---------------------+---------------------------+-------------+--------------+---------+-----------+------+--------------+----------------------------------------------------+-------------+--------------+
Note: For table entries with two numbers listed, the numbers in parentheses indicate the number of resources of the given type used by the specific entity alone. The numbers listed outside of parentheses indicate the total resources of the given type used by the specific entity and all of its sub-entities in the hierarchy.


+--------------------------------------------------------------------------------+
; Registers Removed During Synthesis                                             ;
+---------------------------------------+----------------------------------------+
; Register name                         ; Reason for Removal                     ;
+---------------------------------------+----------------------------------------+
; AR_TXD:txd|sr_dat[21,22]              ; Stuck at GND due to stuck port data_in ;
; Total Number of Removed Registers = 2 ;                                        ;
+---------------------------------------+----------------------------------------+


+--------------------------------------------------------------------------------------------+
; Removed Registers Triggering Further Register Optimizations                                ;
+-----------------------+---------------------------+----------------------------------------+
; Register name         ; Reason for Removal        ; Registers Removed due to This Register ;
+-----------------------+---------------------------+----------------------------------------+
; AR_TXD:txd|sr_dat[22] ; Stuck at GND              ; AR_TXD:txd|sr_dat[21]                  ;
;                       ; due to stuck port data_in ;                                        ;
+-----------------------+---------------------------+----------------------------------------+


+------------------------------------------------------+
; General Register Statistics                          ;
+----------------------------------------------+-------+
; Statistic                                    ; Value ;
+----------------------------------------------+-------+
; Total registers                              ; 148   ;
; Number of registers using Synchronous Clear  ; 19    ;
; Number of registers using Synchronous Load   ; 11    ;
; Number of registers using Asynchronous Clear ; 7     ;
; Number of registers using Asynchronous Load  ; 0     ;
; Number of registers using Clock Enable       ; 67    ;
; Number of registers using Preset             ; 0     ;
+----------------------------------------------+-------+


+-------------------------------------------------------------------------------------------------------------------------------------------------+
; Multiplexer Restructuring Statistics (Restructuring Performed)                                                                                  ;
+--------------------+-----------+---------------+----------------------+------------------------+------------+-----------------------------------+
; Multiplexer Inputs ; Bus Width ; Baseline Area ; Area if Restructured ; Saving if Restructured ; Registered ; Example Multiplexer Output        ;
+--------------------+-----------+---------------+----------------------+------------------------+------------+-----------------------------------+
; 3:1                ; 6 bits    ; 12 LEs        ; 6 LEs                ; 6 LEs                  ; Yes        ; |top|AR_TXD:txd|cb_bit[5]         ;
; 3:1                ; 28 bits   ; 56 LEs        ; 28 LEs               ; 28 LEs                 ; Yes        ; |top|AR_TXD:txd|sr_dat[3]         ;
; 3:1                ; 3 bits    ; 6 LEs         ; 3 LEs                ; 3 LEs                  ; Yes        ; |top|AR_RXD:rxd|cb_bit_res[2]     ;
; 16:1               ; 3 bits    ; 30 LEs        ; 27 LEs               ; 3 LEs                  ; No         ; |top|hex_display:hex_display|Mux0 ;
+--------------------+-----------+---------------+----------------------+------------------------+------------+-----------------------------------+


+---------------------------------------------------------+
; Parameter Settings for User Entity Instance: AR_TXD:txd ;
+----------------+----------+-----------------------------+
; Parameter Name ; Value    ; Type                        ;
+----------------+----------+-----------------------------+
; Fclk           ; 50000000 ; Signed Integer              ;
; V1Mb           ; 1000000  ; Signed Integer              ;
; V100kb         ; 100000   ; Signed Integer              ;
; V50kb          ; 50000    ; Signed Integer              ;
; V12_5kb        ; 12500    ; Signed Integer              ;
+----------------+----------+-----------------------------+
Note: In order to hide this table in the UI and the text report file, please set the "Show Parameter Settings in Synthesis Report" option in "Analysis and Synthesis Settings -> More Settings" to "Off".


+---------------------------------------------------------+
; Parameter Settings for User Entity Instance: AR_RXD:rxd ;
+----------------+----------+-----------------------------+
; Parameter Name ; Value    ; Type                        ;
+----------------+----------+-----------------------------+
; Fclk           ; 50000000 ; Signed Integer              ;
; V1Mb           ; 1000000  ; Signed Integer              ;
; V100kb         ; 100000   ; Signed Integer              ;
; V50kb          ; 50000    ; Signed Integer              ;
; V12_5kb        ; 12500    ; Signed Integer              ;
+----------------+----------+-----------------------------+
Note: In order to hide this table in the UI and the text report file, please set the "Show Parameter Settings in Synthesis Report" option in "Analysis and Synthesis Settings -> More Settings" to "Off".


+--------------------------------------------------+
; Port Connectivity Checks: "AR_MUX:mux"           ;
+----------------+-------+----------+--------------+
; Port           ; Type  ; Severity ; Details      ;
+----------------+-------+----------+--------------+
; TX_ADR[6..3]   ; Input ; Info     ; Stuck at GND ;
; TX_ADR[1..0]   ; Input ; Info     ; Stuck at GND ;
; TX_ADR[7]      ; Input ; Info     ; Stuck at VCC ;
; TX_ADR[2]      ; Input ; Info     ; Stuck at VCC ;
; TX_DAT[22..21] ; Input ; Info     ; Stuck at GND ;
; TX_DAT[19..17] ; Input ; Info     ; Stuck at GND ;
; TX_DAT[15..14] ; Input ; Info     ; Stuck at GND ;
; TX_DAT[12..10] ; Input ; Info     ; Stuck at GND ;
; TX_DAT[8..0]   ; Input ; Info     ; Stuck at GND ;
; TX_DAT[20]     ; Input ; Info     ; Stuck at VCC ;
; TX_DAT[16]     ; Input ; Info     ; Stuck at VCC ;
; TX_DAT[13]     ; Input ; Info     ; Stuck at VCC ;
; TX_DAT[9]      ; Input ; Info     ; Stuck at VCC ;
; TX_OK          ; Input ; Info     ; Stuck at VCC ;
; RX_OK          ; Input ; Info     ; Stuck at GND ;
+----------------+-------+----------+--------------+


+-----------------------------------------------------------------------------------------------------------------+
; Port Connectivity Checks: "AR_RXD:rxd"                                                                          ;
+-------+--------+----------+-------------------------------------------------------------------------------------+
; Port  ; Type   ; Severity ; Details                                                                             ;
+-------+--------+----------+-------------------------------------------------------------------------------------+
; Nvel  ; Input  ; Info     ; Stuck at VCC                                                                        ;
; ce_wr ; Output ; Info     ; Connected to dangling logic. Logic that only feeds a dangling port will be removed. ;
+-------+--------+----------+-------------------------------------------------------------------------------------+


+--------------------------------------------------------------------------------------------------------------------------------------------+
; Port Connectivity Checks: "AR_TXD:txd"                                                                                                     ;
+-------------+--------+----------+----------------------------------------------------------------------------------------------------------+
; Port        ; Type   ; Severity ; Details                                                                                                  ;
+-------------+--------+----------+----------------------------------------------------------------------------------------------------------+
; Nvel        ; Input  ; Info     ; Stuck at VCC                                                                                             ;
; ADR[6..3]   ; Input  ; Info     ; Stuck at GND                                                                                             ;
; ADR[1..0]   ; Input  ; Info     ; Stuck at GND                                                                                             ;
; ADR[7]      ; Input  ; Info     ; Stuck at VCC                                                                                             ;
; ADR[2]      ; Input  ; Info     ; Stuck at VCC                                                                                             ;
; DAT[22..21] ; Input  ; Info     ; Stuck at GND                                                                                             ;
; DAT[19..17] ; Input  ; Info     ; Stuck at GND                                                                                             ;
; DAT[15..14] ; Input  ; Info     ; Stuck at GND                                                                                             ;
; DAT[12..10] ; Input  ; Info     ; Stuck at GND                                                                                             ;
; DAT[8..0]   ; Input  ; Info     ; Stuck at GND                                                                                             ;
; DAT[20]     ; Input  ; Info     ; Stuck at VCC                                                                                             ;
; DAT[16]     ; Input  ; Info     ; Stuck at VCC                                                                                             ;
; DAT[13]     ; Input  ; Info     ; Stuck at VCC                                                                                             ;
; DAT[9]      ; Input  ; Info     ; Stuck at VCC                                                                                             ;
; ce_tact     ; Output ; Warning  ; Declared by entity but not connected by instance. Logic that only feeds a dangling port will be removed. ;
; SLP         ; Output ; Warning  ; Declared by entity but not connected by instance. Logic that only feeds a dangling port will be removed. ;
; en_tx       ; Output ; Warning  ; Declared by entity but not connected by instance. Logic that only feeds a dangling port will be removed. ;
; T_cp        ; Output ; Warning  ; Declared by entity but not connected by instance. Logic that only feeds a dangling port will be removed. ;
; FT_cp       ; Output ; Warning  ; Declared by entity but not connected by instance. Logic that only feeds a dangling port will be removed. ;
; SDAT        ; Output ; Warning  ; Declared by entity but not connected by instance. Logic that only feeds a dangling port will be removed. ;
; QM          ; Output ; Warning  ; Declared by entity but not connected by instance. Logic that only feeds a dangling port will be removed. ;
; cb_bit      ; Output ; Warning  ; Declared by entity but not connected by instance. Logic that only feeds a dangling port will be removed. ;
; en_tx_word  ; Output ; Warning  ; Declared by entity but not connected by instance. Logic that only feeds a dangling port will be removed. ;
+-------------+--------+----------+----------------------------------------------------------------------------------------------------------+


+-----------------------------------------------------+
; Post-Synthesis Netlist Statistics for Top Partition ;
+-----------------------+-----------------------------+
; Type                  ; Count                       ;
+-----------------------+-----------------------------+
; boundary_port         ; 17                          ;
; cycloneiii_ff         ; 148                         ;
;     CLR               ; 7                           ;
;     ENA               ; 59                          ;
;     ENA SCLR          ; 8                           ;
;     SCLR              ; 11                          ;
;     SLD               ; 11                          ;
;     plain             ; 52                          ;
; cycloneiii_lcell_comb ; 204                         ;
;     arith             ; 42                          ;
;         2 data inputs ; 41                          ;
;         3 data inputs ; 1                           ;
;     normal            ; 162                         ;
;         0 data inputs ; 1                           ;
;         1 data inputs ; 15                          ;
;         2 data inputs ; 46                          ;
;         3 data inputs ; 51                          ;
;         4 data inputs ; 49                          ;
;                       ;                             ;
; Max LUT depth         ; 6.00                        ;
; Average LUT depth     ; 2.49                        ;
+-----------------------+-----------------------------+


+-------------------------------+
; Elapsed Time Per Partition    ;
+----------------+--------------+
; Partition Name ; Elapsed Time ;
+----------------+--------------+
; Top            ; 00:00:01     ;
+----------------+--------------+


+-------------------------------+
; Analysis & Synthesis Messages ;
+-------------------------------+
Info: *******************************************************************
Info: Running Quartus Prime Analysis & Synthesis
    Info: Version 18.1.0 Build 625 09/12/2018 SJ Lite Edition
    Info: Processing started: Sat May  1 22:54:53 2021
Info: Command: quartus_map --read_settings_files=on --write_settings_files=off tku_ar -c tku_ar
Info (20032): Parallel compilation is enabled and will use up to 4 processors
Info (12021): Found 2 design units, including 2 entities, in source file /home/vlad/Work/tku/FPGA-Verilog-MIPT-Course/tku_ar/src/top.v
    Info (12023): Found entity 1: top File: /home/vlad/Work/tku/FPGA-Verilog-MIPT-Course/tku_ar/src/top.v Line: 1
    Info (12023): Found entity 2: AR_MUX File: /home/vlad/Work/tku/FPGA-Verilog-MIPT-Course/tku_ar/src/top.v Line: 74
Info (12021): Found 1 design units, including 1 entities, in source file /home/vlad/Work/tku/FPGA-Verilog-MIPT-Course/tku_ar/src/ar_txd.v
    Info (12023): Found entity 1: AR_TXD File: /home/vlad/Work/tku/FPGA-Verilog-MIPT-Course/tku_ar/src/ar_txd.v Line: 1
Info (12021): Found 1 design units, including 1 entities, in source file /home/vlad/Work/tku/FPGA-Verilog-MIPT-Course/tku_ar/src/ar_rxd.v
    Info (12023): Found entity 1: AR_RXD File: /home/vlad/Work/tku/FPGA-Verilog-MIPT-Course/tku_ar/src/ar_rxd.v Line: 1
Info (12021): Found 1 design units, including 1 entities, in source file /home/vlad/Work/tku/FPGA-Verilog-MIPT-Course/tku_ar/src/hex_to_seg.v
    Info (12023): Found entity 1: hex_to_seg File: /home/vlad/Work/tku/FPGA-Verilog-MIPT-Course/tku_ar/src/hex_to_seg.v Line: 1
Info (12021): Found 1 design units, including 1 entities, in source file /home/vlad/Work/tku/FPGA-Verilog-MIPT-Course/tku_ar/src/hex_display.v
    Info (12023): Found entity 1: hex_display File: /home/vlad/Work/tku/FPGA-Verilog-MIPT-Course/tku_ar/src/hex_display.v Line: 1
Warning (10236): Verilog HDL Implicit Net warning at top.v(31): created implicit net for "TXD0" File: /home/vlad/Work/tku/FPGA-Verilog-MIPT-Course/tku_ar/src/top.v Line: 31
Warning (10236): Verilog HDL Implicit Net warning at top.v(32): created implicit net for "TXD1" File: /home/vlad/Work/tku/FPGA-Verilog-MIPT-Course/tku_ar/src/top.v Line: 32
Warning (10236): Verilog HDL Implicit Net warning at top.v(43): created implicit net for "RX_OK" File: /home/vlad/Work/tku/FPGA-Verilog-MIPT-Course/tku_ar/src/top.v Line: 43
Warning (10236): Verilog HDL Implicit Net warning at top.v(52): created implicit net for "RX_OR" File: /home/vlad/Work/tku/FPGA-Verilog-MIPT-Course/tku_ar/src/top.v Line: 52
Warning (10236): Verilog HDL Implicit Net warning at ar_rxd.v(29): created implicit net for "RXCLK" File: /home/vlad/Work/tku/FPGA-Verilog-MIPT-Course/tku_ar/src/ar_rxd.v Line: 29
Warning (10236): Verilog HDL Implicit Net warning at ar_rxd.v(30): created implicit net for "T_cp" File: /home/vlad/Work/tku/FPGA-Verilog-MIPT-Course/tku_ar/src/ar_rxd.v Line: 30
Warning (10236): Verilog HDL Implicit Net warning at ar_rxd.v(31): created implicit net for "res" File: /home/vlad/Work/tku/FPGA-Verilog-MIPT-Course/tku_ar/src/ar_rxd.v Line: 31
Warning (10236): Verilog HDL Implicit Net warning at ar_rxd.v(32): created implicit net for "ce_bit_res" File: /home/vlad/Work/tku/FPGA-Verilog-MIPT-Course/tku_ar/src/ar_rxd.v Line: 32
Warning (10236): Verilog HDL Implicit Net warning at ar_rxd.v(33): created implicit net for "en_adr" File: /home/vlad/Work/tku/FPGA-Verilog-MIPT-Course/tku_ar/src/ar_rxd.v Line: 33
Warning (10236): Verilog HDL Implicit Net warning at ar_rxd.v(34): created implicit net for "en_dat" File: /home/vlad/Work/tku/FPGA-Verilog-MIPT-Course/tku_ar/src/ar_rxd.v Line: 34
Warning (10236): Verilog HDL Implicit Net warning at hex_display.v(18): created implicit net for "divided_clk" File: /home/vlad/Work/tku/FPGA-Verilog-MIPT-Course/tku_ar/src/hex_display.v Line: 18
Info (12127): Elaborating entity "top" for the top level hierarchy
Warning (10230): Verilog HDL assignment warning at top.v(59): truncated value with size 32 to match size of target (8) File: /home/vlad/Work/tku/FPGA-Verilog-MIPT-Course/tku_ar/src/top.v Line: 59
Warning (10230): Verilog HDL assignment warning at top.v(60): truncated value with size 32 to match size of target (23) File: /home/vlad/Work/tku/FPGA-Verilog-MIPT-Course/tku_ar/src/top.v Line: 60
Warning (10030): Net "RX_OR" at top.v(52) has no driver or initial value, using a default initial value '0' File: /home/vlad/Work/tku/FPGA-Verilog-MIPT-Course/tku_ar/src/top.v Line: 52
Info (12128): Elaborating entity "AR_TXD" for hierarchy "AR_TXD:txd" File: /home/vlad/Work/tku/FPGA-Verilog-MIPT-Course/tku_ar/src/top.v Line: 33
Warning (10230): Verilog HDL assignment warning at ar_txd.v(25): truncated value with size 32 to match size of target (11) File: /home/vlad/Work/tku/FPGA-Verilog-MIPT-Course/tku_ar/src/ar_txd.v Line: 25
Warning (10230): Verilog HDL assignment warning at ar_txd.v(46): truncated value with size 32 to match size of target (11) File: /home/vlad/Work/tku/FPGA-Verilog-MIPT-Course/tku_ar/src/ar_txd.v Line: 46
Warning (10230): Verilog HDL assignment warning at ar_txd.v(47): truncated value with size 32 to match size of target (1) File: /home/vlad/Work/tku/FPGA-Verilog-MIPT-Course/tku_ar/src/ar_txd.v Line: 47
Warning (10230): Verilog HDL assignment warning at ar_txd.v(48): truncated value with size 32 to match size of target (6) File: /home/vlad/Work/tku/FPGA-Verilog-MIPT-Course/tku_ar/src/ar_txd.v Line: 48
Warning (10230): Verilog HDL assignment warning at ar_txd.v(49): truncated value with size 32 to match size of target (1) File: /home/vlad/Work/tku/FPGA-Verilog-MIPT-Course/tku_ar/src/ar_txd.v Line: 49
Warning (10230): Verilog HDL assignment warning at ar_txd.v(50): truncated value with size 32 to match size of target (1) File: /home/vlad/Work/tku/FPGA-Verilog-MIPT-Course/tku_ar/src/ar_txd.v Line: 50
Warning (10230): Verilog HDL assignment warning at ar_txd.v(51): truncated value with size 32 to match size of target (1) File: /home/vlad/Work/tku/FPGA-Verilog-MIPT-Course/tku_ar/src/ar_txd.v Line: 51
Info (12128): Elaborating entity "AR_RXD" for hierarchy "AR_RXD:rxd" File: /home/vlad/Work/tku/FPGA-Verilog-MIPT-Course/tku_ar/src/top.v Line: 44
Warning (10230): Verilog HDL assignment warning at ar_rxd.v(17): truncated value with size 32 to match size of target (11) File: /home/vlad/Work/tku/FPGA-Verilog-MIPT-Course/tku_ar/src/ar_rxd.v Line: 17
Warning (10230): Verilog HDL assignment warning at ar_rxd.v(38): truncated value with size 32 to match size of target (1) File: /home/vlad/Work/tku/FPGA-Verilog-MIPT-Course/tku_ar/src/ar_rxd.v Line: 38
Warning (10230): Verilog HDL assignment warning at ar_rxd.v(39): truncated value with size 32 to match size of target (11) File: /home/vlad/Work/tku/FPGA-Verilog-MIPT-Course/tku_ar/src/ar_rxd.v Line: 39
Warning (10230): Verilog HDL assignment warning at ar_rxd.v(40): truncated value with size 32 to match size of target (3) File: /home/vlad/Work/tku/FPGA-Verilog-MIPT-Course/tku_ar/src/ar_rxd.v Line: 40
Warning (10230): Verilog HDL assignment warning at ar_rxd.v(49): truncated value with size 32 to match size of target (7) File: /home/vlad/Work/tku/FPGA-Verilog-MIPT-Course/tku_ar/src/ar_rxd.v Line: 49
Warning (10230): Verilog HDL assignment warning at ar_rxd.v(50): truncated value with size 32 to match size of target (1) File: /home/vlad/Work/tku/FPGA-Verilog-MIPT-Course/tku_ar/src/ar_rxd.v Line: 50
Info (12128): Elaborating entity "AR_MUX" for hierarchy "AR_MUX:mux" File: /home/vlad/Work/tku/FPGA-Verilog-MIPT-Course/tku_ar/src/top.v Line: 56
Info (12128): Elaborating entity "hex_display" for hierarchy "hex_display:hex_display" File: /home/vlad/Work/tku/FPGA-Verilog-MIPT-Course/tku_ar/src/top.v Line: 69
Warning (10230): Verilog HDL assignment warning at hex_display.v(15): truncated value with size 32 to match size of target (13) File: /home/vlad/Work/tku/FPGA-Verilog-MIPT-Course/tku_ar/src/hex_display.v Line: 15
Info (12128): Elaborating entity "hex_to_seg" for hierarchy "hex_display:hex_display|hex_to_seg:hex_to_seg" File: /home/vlad/Work/tku/FPGA-Verilog-MIPT-Course/tku_ar/src/hex_display.v Line: 25
Warning (12241): 1 hierarchies have connectivity warnings - see the Connectivity Checks report folder
Warning (13024): Output pins are stuck at VCC or GND
    Warning (13410): Pin "DS_DP" is stuck at GND File: /home/vlad/Work/tku/FPGA-Verilog-MIPT-Course/tku_ar/src/top.v Line: 10
Info (286030): Timing-Driven Synthesis is running
Info (16010): Generating hard_block partition "hard_block:auto_generated_inst"
    Info (16011): Adding 0 node(s), including 0 DDIO, 0 PLL, 0 transceiver and 0 LCELL
Info (21057): Implemented 244 device resources after synthesis - the final resource count might be different
    Info (21058): Implemented 5 input pins
    Info (21059): Implemented 12 output pins
    Info (21061): Implemented 227 logic cells
Info: Quartus Prime Analysis & Synthesis was successful. 0 errors, 31 warnings
    Info: Peak virtual memory: 981 megabytes
    Info: Processing ended: Sat May  1 22:55:04 2021
    Info: Elapsed time: 00:00:11
    Info: Total CPU time (on all processors): 00:00:25


