#! /usr/bin/vvp
:ivl_version "0.9.7 " "(v0_9_7)";
:vpi_time_precision - 10;
:vpi_module "system";
:vpi_module "v2005_math";
:vpi_module "va_math";
S_0x20a3390 .scope module, "testbench" "testbench" 2 3;
 .timescale -9 -10;
v0x20de790_0 .var "button", 0 0;
v0x20de860_0 .net "button_state", 0 0, L_0x20ded60; 1 drivers
v0x20de910_0 .var "clk", 0 0;
v0x20de9c0_0 .net "divided_clk", 0 0, L_0x20deac0; 1 drivers
S_0x20de3d0 .scope module, "clk_div" "clk_div" 2 11, 3 1, S_0x20a3390;
 .timescale -9 -10;
P_0x20de4c8 .param/l "x" 3 1, +C4<0110>;
v0x20de5a0_0 .net "clk", 0 0, v0x20de910_0; 1 drivers
v0x20de660_0 .alias "clk_out", 0 0, v0x20de9c0_0;
v0x20de710_0 .var "cnt", 5 0;
E_0x20de180 .event posedge, v0x20de5a0_0;
L_0x20deac0 .part v0x20de710_0, 5, 1;
S_0x20cc190 .scope module, "button_bounce" "button_bounce" 2 17, 4 1, S_0x20a3390;
 .timescale -9 -10;
v0x20cc280_0 .net *"_s0", 2 0, L_0x20deb60; 1 drivers
v0x20ddfc0_0 .net *"_s3", 1 0, C4<00>; 1 drivers
v0x20de060_0 .net *"_s4", 2 0, C4<001>; 1 drivers
v0x20de100_0 .net "button", 0 0, v0x20de790_0; 1 drivers
v0x20de1b0_0 .alias "clk", 0 0, v0x20de9c0_0;
v0x20de250_0 .var "sample", 0 0;
v0x20de330_0 .alias "state", 0 0, v0x20de860_0;
E_0x20a44e0 .event posedge, v0x20de1b0_0;
L_0x20deb60 .concat [ 1 2 0 0], v0x20de250_0, C4<00>;
L_0x20ded60 .cmp/eq 3, L_0x20deb60, C4<001>;
    .scope S_0x20de3d0;
T_0 ;
    %set/v v0x20de710_0, 0, 6;
    %end;
    .thread T_0;
    .scope S_0x20de3d0;
T_1 ;
    %wait E_0x20de180;
    %load/v 8, v0x20de710_0, 6;
    %mov 14, 0, 26;
    %addi 8, 1, 32;
    %ix/load 0, 6, 0;
    %assign/v0 v0x20de710_0, 0, 8;
    %jmp T_1;
    .thread T_1;
    .scope S_0x20cc190;
T_2 ;
    %set/v v0x20de250_0, 0, 1;
    %end;
    .thread T_2;
    .scope S_0x20cc190;
T_3 ;
    %wait E_0x20a44e0;
    %load/v 8, v0x20de100_0, 1;
    %ix/load 0, 1, 0;
    %assign/v0 v0x20de250_0, 0, 8;
    %jmp T_3;
    .thread T_3;
    .scope S_0x20a3390;
T_4 ;
    %set/v v0x20de910_0, 0, 1;
    %end;
    .thread T_4;
    .scope S_0x20a3390;
T_5 ;
    %delay 10, 0;
    %load/v 8, v0x20de910_0, 1;
    %inv 8, 1;
    %set/v v0x20de910_0, 8, 1;
    %jmp T_5;
    .thread T_5;
    .scope S_0x20a3390;
T_6 ;
    %set/v v0x20de790_0, 0, 1;
    %delay 1000, 0;
    %set/v v0x20de790_0, 1, 1;
    %delay 1000, 0;
    %set/v v0x20de790_0, 0, 1;
    %delay 1000, 0;
    %set/v v0x20de790_0, 1, 1;
    %delay 1000, 0;
    %set/v v0x20de790_0, 0, 1;
    %delay 1000, 0;
    %set/v v0x20de790_0, 1, 1;
    %delay 1000, 0;
    %set/v v0x20de790_0, 0, 1;
    %delay 1000, 0;
    %set/v v0x20de790_0, 1, 1;
    %delay 1000, 0;
    %set/v v0x20de790_0, 0, 1;
    %delay 1000, 0;
    %set/v v0x20de790_0, 1, 1;
    %delay 1000, 0;
    %set/v v0x20de790_0, 0, 1;
    %delay 1000, 0;
    %set/v v0x20de790_0, 1, 1;
    %delay 1000, 0;
    %set/v v0x20de790_0, 0, 1;
    %delay 1000, 0;
    %set/v v0x20de790_0, 1, 1;
    %delay 1000, 0;
    %set/v v0x20de790_0, 0, 1;
    %delay 1000, 0;
    %set/v v0x20de790_0, 1, 1;
    %delay 1000, 0;
    %set/v v0x20de790_0, 0, 1;
    %delay 1000, 0;
    %set/v v0x20de790_0, 1, 1;
    %delay 1000, 0;
    %set/v v0x20de790_0, 0, 1;
    %delay 50000, 0;
    %set/v v0x20de790_0, 1, 1;
    %delay 50000, 0;
    %set/v v0x20de790_0, 0, 1;
    %delay 50000, 0;
    %set/v v0x20de790_0, 1, 1;
    %end;
    .thread T_6;
    .scope S_0x20a3390;
T_7 ;
    %vpi_call 2 67 "$dumpvars";
    %delay 3000000, 0;
    %vpi_call 2 68 "$finish";
    %end;
    .thread T_7;
# The file index is used to find the file name in the following table.
:file_names 5;
    "N/A";
    "<interactive>";
    "testbench.v";
    "clk_div.v";
    "button_bounce.v";
