Analysis & Synthesis report for hex_display_counter
Tue Mar 16 15:11:26 2021
Quartus Prime Version 18.1.0 Build 625 09/12/2018 SJ Lite Edition


---------------------
; Table of Contents ;
---------------------
  1. Legal Notice
  2. Analysis & Synthesis Summary
  3. Analysis & Synthesis Settings
  4. Parallel Compilation
  5. Analysis & Synthesis Source Files Read
  6. Analysis & Synthesis Resource Usage Summary
  7. Analysis & Synthesis Resource Utilization by Entity
  8. General Register Statistics
  9. Multiplexer Restructuring Statistics (Restructuring Performed)
 10. Port Connectivity Checks: "counter:counter|VCJ4RE:VCJ4RE"
 11. Port Connectivity Checks: "counter:counter|VCD4RE:VCD4RE"
 12. Port Connectivity Checks: "counter:counter|VCB4CLED:VCB4CLED"
 13. Port Connectivity Checks: "counter:counter|VCBD4SE:VCBD4SE"
 14. Port Connectivity Checks: "counter:counter"
 15. Post-Synthesis Netlist Statistics for Top Partition
 16. Elapsed Time Per Partition
 17. Analysis & Synthesis Messages



----------------
; Legal Notice ;
----------------
Copyright (C) 2018  Intel Corporation. All rights reserved.
Your use of Intel Corporation's design tools, logic functions 
and other software and tools, and its AMPP partner logic 
functions, and any output files from any of the foregoing 
(including device programming or simulation files), and any 
associated documentation or information are expressly subject 
to the terms and conditions of the Intel Program License 
Subscription Agreement, the Intel Quartus Prime License Agreement,
the Intel FPGA IP License Agreement, or other applicable license
agreement, including, without limitation, that your use is for
the sole purpose of programming logic devices manufactured by
Intel and sold by Intel or its authorized distributors.  Please
refer to the applicable agreement for further details.



+----------------------------------------------------------------------------------+
; Analysis & Synthesis Summary                                                     ;
+------------------------------------+---------------------------------------------+
; Analysis & Synthesis Status        ; Successful - Tue Mar 16 15:11:26 2021       ;
; Quartus Prime Version              ; 18.1.0 Build 625 09/12/2018 SJ Lite Edition ;
; Revision Name                      ; hex_display_counter                         ;
; Top-level Entity Name              ; top                                         ;
; Family                             ; Cyclone IV E                                ;
; Total logic elements               ; 141                                         ;
;     Total combinational functions  ; 141                                         ;
;     Dedicated logic registers      ; 57                                          ;
; Total registers                    ; 57                                          ;
; Total pins                         ; 17                                          ;
; Total virtual pins                 ; 0                                           ;
; Total memory bits                  ; 0                                           ;
; Embedded Multiplier 9-bit elements ; 0                                           ;
; Total PLLs                         ; 0                                           ;
+------------------------------------+---------------------------------------------+


+-------------------------------------------------------------------------------------------------------------+
; Analysis & Synthesis Settings                                                                               ;
+------------------------------------------------------------------+--------------------+---------------------+
; Option                                                           ; Setting            ; Default Value       ;
+------------------------------------------------------------------+--------------------+---------------------+
; Device                                                           ; EP4CE6E22C8        ;                     ;
; Top-level entity name                                            ; top                ; hex_display_counter ;
; Family name                                                      ; Cyclone IV E       ; Cyclone V           ;
; Maximum processors allowed for parallel compilation              ; 4                  ;                     ;
; Use smart compilation                                            ; Off                ; Off                 ;
; Enable parallel Assembler and Timing Analyzer during compilation ; On                 ; On                  ;
; Enable compact report table                                      ; Off                ; Off                 ;
; Restructure Multiplexers                                         ; Auto               ; Auto                ;
; Create Debugging Nodes for IP Cores                              ; Off                ; Off                 ;
; Preserve fewer node names                                        ; On                 ; On                  ;
; Intel FPGA IP Evaluation Mode                                    ; Enable             ; Enable              ;
; Verilog Version                                                  ; Verilog_2001       ; Verilog_2001        ;
; VHDL Version                                                     ; VHDL_1993          ; VHDL_1993           ;
; State Machine Processing                                         ; Auto               ; Auto                ;
; Safe State Machine                                               ; Off                ; Off                 ;
; Extract Verilog State Machines                                   ; On                 ; On                  ;
; Extract VHDL State Machines                                      ; On                 ; On                  ;
; Ignore Verilog initial constructs                                ; Off                ; Off                 ;
; Iteration limit for constant Verilog loops                       ; 5000               ; 5000                ;
; Iteration limit for non-constant Verilog loops                   ; 250                ; 250                 ;
; Add Pass-Through Logic to Inferred RAMs                          ; On                 ; On                  ;
; Infer RAMs from Raw Logic                                        ; On                 ; On                  ;
; Parallel Synthesis                                               ; On                 ; On                  ;
; DSP Block Balancing                                              ; Auto               ; Auto                ;
; NOT Gate Push-Back                                               ; On                 ; On                  ;
; Power-Up Don't Care                                              ; On                 ; On                  ;
; Remove Redundant Logic Cells                                     ; Off                ; Off                 ;
; Remove Duplicate Registers                                       ; On                 ; On                  ;
; Ignore CARRY Buffers                                             ; Off                ; Off                 ;
; Ignore CASCADE Buffers                                           ; Off                ; Off                 ;
; Ignore GLOBAL Buffers                                            ; Off                ; Off                 ;
; Ignore ROW GLOBAL Buffers                                        ; Off                ; Off                 ;
; Ignore LCELL Buffers                                             ; Off                ; Off                 ;
; Ignore SOFT Buffers                                              ; On                 ; On                  ;
; Limit AHDL Integers to 32 Bits                                   ; Off                ; Off                 ;
; Optimization Technique                                           ; Balanced           ; Balanced            ;
; Carry Chain Length                                               ; 70                 ; 70                  ;
; Auto Carry Chains                                                ; On                 ; On                  ;
; Auto Open-Drain Pins                                             ; On                 ; On                  ;
; Perform WYSIWYG Primitive Resynthesis                            ; Off                ; Off                 ;
; Auto ROM Replacement                                             ; On                 ; On                  ;
; Auto RAM Replacement                                             ; On                 ; On                  ;
; Auto DSP Block Replacement                                       ; On                 ; On                  ;
; Auto Shift Register Replacement                                  ; Auto               ; Auto                ;
; Allow Shift Register Merging across Hierarchies                  ; Auto               ; Auto                ;
; Auto Clock Enable Replacement                                    ; On                 ; On                  ;
; Strict RAM Replacement                                           ; Off                ; Off                 ;
; Allow Synchronous Control Signals                                ; On                 ; On                  ;
; Force Use of Synchronous Clear Signals                           ; Off                ; Off                 ;
; Auto RAM Block Balancing                                         ; On                 ; On                  ;
; Auto RAM to Logic Cell Conversion                                ; Off                ; Off                 ;
; Auto Resource Sharing                                            ; Off                ; Off                 ;
; Allow Any RAM Size For Recognition                               ; Off                ; Off                 ;
; Allow Any ROM Size For Recognition                               ; Off                ; Off                 ;
; Allow Any Shift Register Size For Recognition                    ; Off                ; Off                 ;
; Use LogicLock Constraints during Resource Balancing              ; On                 ; On                  ;
; Ignore translate_off and synthesis_off directives                ; Off                ; Off                 ;
; Timing-Driven Synthesis                                          ; On                 ; On                  ;
; Report Parameter Settings                                        ; On                 ; On                  ;
; Report Source Assignments                                        ; On                 ; On                  ;
; Report Connectivity Checks                                       ; On                 ; On                  ;
; Ignore Maximum Fan-Out Assignments                               ; Off                ; Off                 ;
; Synchronization Register Chain Length                            ; 2                  ; 2                   ;
; Power Optimization During Synthesis                              ; Normal compilation ; Normal compilation  ;
; HDL message level                                                ; Level2             ; Level2              ;
; Suppress Register Optimization Related Messages                  ; Off                ; Off                 ;
; Number of Removed Registers Reported in Synthesis Report         ; 5000               ; 5000                ;
; Number of Swept Nodes Reported in Synthesis Report               ; 5000               ; 5000                ;
; Number of Inverted Registers Reported in Synthesis Report        ; 100                ; 100                 ;
; Clock MUX Protection                                             ; On                 ; On                  ;
; Auto Gated Clock Conversion                                      ; Off                ; Off                 ;
; Block Design Naming                                              ; Auto               ; Auto                ;
; SDC constraint protection                                        ; Off                ; Off                 ;
; Synthesis Effort                                                 ; Auto               ; Auto                ;
; Shift Register Replacement - Allow Asynchronous Clear Signal     ; On                 ; On                  ;
; Pre-Mapping Resynthesis Optimization                             ; Off                ; Off                 ;
; Analysis & Synthesis Message Level                               ; Medium             ; Medium              ;
; Disable Register Merging Across Hierarchies                      ; Auto               ; Auto                ;
; Resource Aware Inference For Block RAM                           ; On                 ; On                  ;
+------------------------------------------------------------------+--------------------+---------------------+


+------------------------------------------+
; Parallel Compilation                     ;
+----------------------------+-------------+
; Processors                 ; Number      ;
+----------------------------+-------------+
; Number detected on machine ; 8           ;
; Maximum allowed            ; 4           ;
;                            ;             ;
; Average used               ; 1.00        ;
; Maximum used               ; 4           ;
;                            ;             ;
; Usage by Processor         ; % Time Used ;
;     Processor 1            ; 100.0%      ;
;     Processors 2-4         ;   0.0%      ;
+----------------------------+-------------+


+--------------------------------------------------------------------------------------------------------------------------------------------------------------------+
; Analysis & Synthesis Source Files Read                                                                                                                             ;
+----------------------------------+-----------------+------------------------+----------------------------------------------------------------------------+---------+
; File Name with User-Entered Path ; Used in Netlist ; File Type              ; File Name with Absolute Path                                               ; Library ;
+----------------------------------+-----------------+------------------------+----------------------------------------------------------------------------+---------+
; ../src/top.v                     ; yes             ; User Verilog HDL File  ; /home/vlad/Work/tku/FPGA-Verilog-MIPT-Course/tku_counter/src/top.v         ;         ;
; ../src/hex_to_seg.v              ; yes             ; User Verilog HDL File  ; /home/vlad/Work/tku/FPGA-Verilog-MIPT-Course/tku_counter/src/hex_to_seg.v  ;         ;
; ../src/hex_display.v             ; yes             ; User Verilog HDL File  ; /home/vlad/Work/tku/FPGA-Verilog-MIPT-Course/tku_counter/src/hex_display.v ;         ;
; ../src/counter.v                 ; yes             ; User Verilog HDL File  ; /home/vlad/Work/tku/FPGA-Verilog-MIPT-Course/tku_counter/src/counter.v     ;         ;
+----------------------------------+-----------------+------------------------+----------------------------------------------------------------------------+---------+


+---------------------------------------------------------+
; Analysis & Synthesis Resource Usage Summary             ;
+---------------------------------------------+-----------+
; Resource                                    ; Usage     ;
+---------------------------------------------+-----------+
; Estimated Total logic elements              ; 141       ;
;                                             ;           ;
; Total combinational functions               ; 141       ;
; Logic element usage by number of LUT inputs ;           ;
;     -- 4 input functions                    ; 69        ;
;     -- 3 input functions                    ; 10        ;
;     -- <=2 input functions                  ; 62        ;
;                                             ;           ;
; Logic elements by mode                      ;           ;
;     -- normal mode                          ; 101       ;
;     -- arithmetic mode                      ; 40        ;
;                                             ;           ;
; Total registers                             ; 57        ;
;     -- Dedicated logic registers            ; 57        ;
;     -- I/O registers                        ; 0         ;
;                                             ;           ;
; I/O pins                                    ; 17        ;
;                                             ;           ;
; Embedded Multiplier 9-bit elements          ; 0         ;
;                                             ;           ;
; Maximum fan-out node                        ; CLK~input ;
; Maximum fan-out                             ; 39        ;
; Total fan-out                               ; 584       ;
; Average fan-out                             ; 2.52      ;
+---------------------------------------------+-----------+


+--------------------------------------------------------------------------------------------------------------------------------------------------------------------------------------------------------------------------------------------+
; Analysis & Synthesis Resource Utilization by Entity                                                                                                                                                                                        ;
+-------------------------------+---------------------+---------------------------+-------------+--------------+---------+-----------+------+--------------+----------------------------------------------------+-------------+--------------+
; Compilation Hierarchy Node    ; Combinational ALUTs ; Dedicated Logic Registers ; Memory Bits ; DSP Elements ; DSP 9x9 ; DSP 18x18 ; Pins ; Virtual Pins ; Full Hierarchy Name                                ; Entity Name ; Library Name ;
+-------------------------------+---------------------+---------------------------+-------------+--------------+---------+-----------+------+--------------+----------------------------------------------------+-------------+--------------+
; |top                          ; 141 (67)            ; 57 (26)                   ; 0           ; 0            ; 0       ; 0         ; 17   ; 0            ; |top                                               ; top         ; work         ;
;    |counter:counter|          ; 29 (0)              ; 16 (0)                    ; 0           ; 0            ; 0       ; 0         ; 0    ; 0            ; |top|counter:counter                               ; counter     ; work         ;
;       |VCB4CLED:VCB4CLED|     ; 9 (9)               ; 4 (4)                     ; 0           ; 0            ; 0       ; 0         ; 0    ; 0            ; |top|counter:counter|VCB4CLED:VCB4CLED             ; VCB4CLED    ; work         ;
;       |VCBD4SE:VCBD4SE|       ; 8 (8)               ; 4 (4)                     ; 0           ; 0            ; 0       ; 0         ; 0    ; 0            ; |top|counter:counter|VCBD4SE:VCBD4SE               ; VCBD4SE     ; work         ;
;       |VCD4RE:VCD4RE|         ; 8 (8)               ; 4 (4)                     ; 0           ; 0            ; 0       ; 0         ; 0    ; 0            ; |top|counter:counter|VCD4RE:VCD4RE                 ; VCD4RE      ; work         ;
;       |VCJ4RE:VCJ4RE|         ; 4 (4)               ; 4 (4)                     ; 0           ; 0            ; 0       ; 0         ; 0    ; 0            ; |top|counter:counter|VCJ4RE:VCJ4RE                 ; VCJ4RE      ; work         ;
;    |hex_display:hex_display|  ; 45 (38)             ; 15 (15)                   ; 0           ; 0            ; 0       ; 0         ; 0    ; 0            ; |top|hex_display:hex_display                       ; hex_display ; work         ;
;       |hex_to_seg:hex_to_seg| ; 7 (7)               ; 0 (0)                     ; 0           ; 0            ; 0       ; 0         ; 0    ; 0            ; |top|hex_display:hex_display|hex_to_seg:hex_to_seg ; hex_to_seg  ; work         ;
+-------------------------------+---------------------+---------------------------+-------------+--------------+---------+-----------+------+--------------+----------------------------------------------------+-------------+--------------+
Note: For table entries with two numbers listed, the numbers in parentheses indicate the number of resources of the given type used by the specific entity alone. The numbers listed outside of parentheses indicate the total resources of the given type used by the specific entity and all of its sub-entities in the hierarchy.


+------------------------------------------------------+
; General Register Statistics                          ;
+----------------------------------------------+-------+
; Statistic                                    ; Value ;
+----------------------------------------------+-------+
; Total registers                              ; 57    ;
; Number of registers using Synchronous Clear  ; 0     ;
; Number of registers using Synchronous Load   ; 0     ;
; Number of registers using Asynchronous Clear ; 4     ;
; Number of registers using Asynchronous Load  ; 0     ;
; Number of registers using Clock Enable       ; 11    ;
; Number of registers using Preset             ; 0     ;
+----------------------------------------------+-------+


+---------------------------------------------------------------------------------------------------------------------------------------------------------+
; Multiplexer Restructuring Statistics (Restructuring Performed)                                                                                          ;
+--------------------+-----------+---------------+----------------------+------------------------+------------+-------------------------------------------+
; Multiplexer Inputs ; Bus Width ; Baseline Area ; Area if Restructured ; Saving if Restructured ; Registered ; Example Multiplexer Output                ;
+--------------------+-----------+---------------+----------------------+------------------------+------------+-------------------------------------------+
; 3:1                ; 4 bits    ; 8 LEs         ; 4 LEs                ; 4 LEs                  ; Yes        ; |top|counter:counter|VCBD4SE:VCBD4SE|Q[0] ;
; 3:1                ; 4 bits    ; 8 LEs         ; 4 LEs                ; 4 LEs                  ; Yes        ; |top|counter:counter|VCD4RE:VCD4RE|Q[2]   ;
; 3:1                ; 4 bits    ; 8 LEs         ; 4 LEs                ; 4 LEs                  ; Yes        ; |top|counter:counter|VCJ4RE:VCJ4RE|Q[3]   ;
; 4:1                ; 4 bits    ; 8 LEs         ; 8 LEs                ; 0 LEs                  ; No         ; |top|hex_display:hex_display|Mux0         ;
+--------------------+-----------+---------------+----------------------+------------------------+------------+-------------------------------------------+


+-----------------------------------------------------------+
; Port Connectivity Checks: "counter:counter|VCJ4RE:VCJ4RE" ;
+------+--------+----------+--------------------------------+
; Port ; Type   ; Severity ; Details                        ;
+------+--------+----------+--------------------------------+
; TC   ; Output ; Info     ; Explicitly unconnected         ;
; CEO  ; Output ; Info     ; Explicitly unconnected         ;
+------+--------+----------+--------------------------------+


+-----------------------------------------------------------+
; Port Connectivity Checks: "counter:counter|VCD4RE:VCD4RE" ;
+------+--------+----------+--------------------------------+
; Port ; Type   ; Severity ; Details                        ;
+------+--------+----------+--------------------------------+
; TC   ; Output ; Info     ; Explicitly unconnected         ;
+------+--------+----------+--------------------------------+


+---------------------------------------------------------------+
; Port Connectivity Checks: "counter:counter|VCB4CLED:VCB4CLED" ;
+------+--------+----------+------------------------------------+
; Port ; Type   ; Severity ; Details                            ;
+------+--------+----------+------------------------------------+
; TC   ; Output ; Info     ; Explicitly unconnected             ;
+------+--------+----------+------------------------------------+


+-------------------------------------------------------------+
; Port Connectivity Checks: "counter:counter|VCBD4SE:VCBD4SE" ;
+------+--------+----------+----------------------------------+
; Port ; Type   ; Severity ; Details                          ;
+------+--------+----------+----------------------------------+
; TC   ; Output ; Info     ; Explicitly unconnected           ;
+------+--------+----------+----------------------------------+


+---------------------------------------------+
; Port Connectivity Checks: "counter:counter" ;
+-------+-------+----------+------------------+
; Port  ; Type  ; Severity ; Details          ;
+-------+-------+----------+------------------+
; L     ; Input ; Info     ; Stuck at GND     ;
; di[3] ; Input ; Info     ; Stuck at VCC     ;
; di[2] ; Input ; Info     ; Stuck at GND     ;
; di[1] ; Input ; Info     ; Stuck at VCC     ;
; di[0] ; Input ; Info     ; Stuck at GND     ;
+-------+-------+----------+------------------+


+-----------------------------------------------------+
; Post-Synthesis Netlist Statistics for Top Partition ;
+-----------------------+-----------------------------+
; Type                  ; Count                       ;
+-----------------------+-----------------------------+
; boundary_port         ; 17                          ;
; cycloneiii_ff         ; 57                          ;
;     CLR               ; 1                           ;
;     ENA               ; 8                           ;
;     ENA CLR           ; 3                           ;
;     plain             ; 45                          ;
; cycloneiii_lcell_comb ; 150                         ;
;     arith             ; 40                          ;
;         2 data inputs ; 38                          ;
;         3 data inputs ; 2                           ;
;     normal            ; 110                         ;
;         0 data inputs ; 1                           ;
;         1 data inputs ; 11                          ;
;         2 data inputs ; 21                          ;
;         3 data inputs ; 8                           ;
;         4 data inputs ; 69                          ;
;                       ;                             ;
; Max LUT depth         ; 4.50                        ;
; Average LUT depth     ; 3.32                        ;
+-----------------------+-----------------------------+


+-------------------------------+
; Elapsed Time Per Partition    ;
+----------------+--------------+
; Partition Name ; Elapsed Time ;
+----------------+--------------+
; Top            ; 00:00:00     ;
+----------------+--------------+


+-------------------------------+
; Analysis & Synthesis Messages ;
+-------------------------------+
Info: *******************************************************************
Info: Running Quartus Prime Analysis & Synthesis
    Info: Version 18.1.0 Build 625 09/12/2018 SJ Lite Edition
    Info: Processing started: Tue Mar 16 15:11:16 2021
Info: Command: quartus_map --read_settings_files=on --write_settings_files=off hex_display_counter -c hex_display_counter
Info (20032): Parallel compilation is enabled and will use up to 4 processors
Info (12021): Found 1 design units, including 1 entities, in source file /home/vlad/Work/tku/FPGA-Verilog-MIPT-Course/tku_counter/src/top.v
    Info (12023): Found entity 1: top File: /home/vlad/Work/tku/FPGA-Verilog-MIPT-Course/tku_counter/src/top.v Line: 1
Info (12021): Found 1 design units, including 1 entities, in source file /home/vlad/Work/tku/FPGA-Verilog-MIPT-Course/tku_counter/src/hex_to_seg.v
    Info (12023): Found entity 1: hex_to_seg File: /home/vlad/Work/tku/FPGA-Verilog-MIPT-Course/tku_counter/src/hex_to_seg.v Line: 1
Info (12021): Found 1 design units, including 1 entities, in source file /home/vlad/Work/tku/FPGA-Verilog-MIPT-Course/tku_counter/src/hex_display.v
    Info (12023): Found entity 1: hex_display File: /home/vlad/Work/tku/FPGA-Verilog-MIPT-Course/tku_counter/src/hex_display.v Line: 1
Info (12021): Found 5 design units, including 5 entities, in source file /home/vlad/Work/tku/FPGA-Verilog-MIPT-Course/tku_counter/src/counter.v
    Info (12023): Found entity 1: counter File: /home/vlad/Work/tku/FPGA-Verilog-MIPT-Course/tku_counter/src/counter.v Line: 1
    Info (12023): Found entity 2: VCJ4RE File: /home/vlad/Work/tku/FPGA-Verilog-MIPT-Course/tku_counter/src/counter.v Line: 29
    Info (12023): Found entity 3: VCD4RE File: /home/vlad/Work/tku/FPGA-Verilog-MIPT-Course/tku_counter/src/counter.v Line: 47
    Info (12023): Found entity 4: VCB4CLED File: /home/vlad/Work/tku/FPGA-Verilog-MIPT-Course/tku_counter/src/counter.v Line: 65
    Info (12023): Found entity 5: VCBD4SE File: /home/vlad/Work/tku/FPGA-Verilog-MIPT-Course/tku_counter/src/counter.v Line: 88
Warning (10236): Verilog HDL Implicit Net warning at hex_display.v(18): created implicit net for "divided_clk" File: /home/vlad/Work/tku/FPGA-Verilog-MIPT-Course/tku_counter/src/hex_display.v Line: 18
Info (12127): Elaborating entity "top" for the top level hierarchy
Warning (10230): Verilog HDL assignment warning at top.v(16): truncated value with size 32 to match size of target (26) File: /home/vlad/Work/tku/FPGA-Verilog-MIPT-Course/tku_counter/src/top.v Line: 16
Warning (10230): Verilog HDL assignment warning at top.v(18): truncated value with size 32 to match size of target (26) File: /home/vlad/Work/tku/FPGA-Verilog-MIPT-Course/tku_counter/src/top.v Line: 18
Info (12128): Elaborating entity "counter" for hierarchy "counter:counter" File: /home/vlad/Work/tku/FPGA-Verilog-MIPT-Course/tku_counter/src/top.v Line: 28
Info (12128): Elaborating entity "VCBD4SE" for hierarchy "counter:counter|VCBD4SE:VCBD4SE" File: /home/vlad/Work/tku/FPGA-Verilog-MIPT-Course/tku_counter/src/counter.v Line: 14
Warning (10230): Verilog HDL assignment warning at counter.v(102): truncated value with size 32 to match size of target (4) File: /home/vlad/Work/tku/FPGA-Verilog-MIPT-Course/tku_counter/src/counter.v Line: 102
Info (12128): Elaborating entity "VCB4CLED" for hierarchy "counter:counter|VCB4CLED:VCB4CLED" File: /home/vlad/Work/tku/FPGA-Verilog-MIPT-Course/tku_counter/src/counter.v Line: 18
Warning (10230): Verilog HDL assignment warning at counter.v(83): truncated value with size 32 to match size of target (4) File: /home/vlad/Work/tku/FPGA-Verilog-MIPT-Course/tku_counter/src/counter.v Line: 83
Info (12128): Elaborating entity "VCD4RE" for hierarchy "counter:counter|VCD4RE:VCD4RE" File: /home/vlad/Work/tku/FPGA-Verilog-MIPT-Course/tku_counter/src/counter.v Line: 22
Warning (10230): Verilog HDL assignment warning at counter.v(60): truncated value with size 32 to match size of target (4) File: /home/vlad/Work/tku/FPGA-Verilog-MIPT-Course/tku_counter/src/counter.v Line: 60
Info (12128): Elaborating entity "VCJ4RE" for hierarchy "counter:counter|VCJ4RE:VCJ4RE" File: /home/vlad/Work/tku/FPGA-Verilog-MIPT-Course/tku_counter/src/counter.v Line: 25
Warning (10230): Verilog HDL assignment warning at counter.v(42): truncated value with size 32 to match size of target (4) File: /home/vlad/Work/tku/FPGA-Verilog-MIPT-Course/tku_counter/src/counter.v Line: 42
Info (12128): Elaborating entity "hex_display" for hierarchy "hex_display:hex_display" File: /home/vlad/Work/tku/FPGA-Verilog-MIPT-Course/tku_counter/src/top.v Line: 36
Warning (10230): Verilog HDL assignment warning at hex_display.v(15): truncated value with size 32 to match size of target (13) File: /home/vlad/Work/tku/FPGA-Verilog-MIPT-Course/tku_counter/src/hex_display.v Line: 15
Info (12128): Elaborating entity "hex_to_seg" for hierarchy "hex_display:hex_display|hex_to_seg:hex_to_seg" File: /home/vlad/Work/tku/FPGA-Verilog-MIPT-Course/tku_counter/src/hex_display.v Line: 25
Warning (13024): Output pins are stuck at VCC or GND
    Warning (13410): Pin "DS_DP" is stuck at GND File: /home/vlad/Work/tku/FPGA-Verilog-MIPT-Course/tku_counter/src/top.v Line: 10
Info (286030): Timing-Driven Synthesis is running
Info (16010): Generating hard_block partition "hard_block:auto_generated_inst"
    Info (16011): Adding 0 node(s), including 0 DDIO, 0 PLL, 0 transceiver and 0 LCELL
Info (21057): Implemented 158 device resources after synthesis - the final resource count might be different
    Info (21058): Implemented 5 input pins
    Info (21059): Implemented 12 output pins
    Info (21061): Implemented 141 logic cells
Info: Quartus Prime Analysis & Synthesis was successful. 0 errors, 10 warnings
    Info: Peak virtual memory: 983 megabytes
    Info: Processing ended: Tue Mar 16 15:11:26 2021
    Info: Elapsed time: 00:00:10
    Info: Total CPU time (on all processors): 00:00:25


